  AmoObject.cpp
  EnemyObject.cpp
C:\Users\65905\Desktop\MySDLGame\EnemyObject.cpp(6,11): warning C4244: 'initializing': conversion from 'float' to 'int', possible loss of data
C:\Users\65905\Desktop\MySDLGame\EnemyObject.cpp(13,11): warning C4244: 'initializing': conversion from 'float' to 'int', possible loss of data
C:\Users\65905\Desktop\MySDLGame\EnemyObject.cpp(68,51): warning C4244: 'argument': conversion from 'float' to 'int', possible loss of data
C:\Users\65905\Desktop\MySDLGame\EnemyObject.cpp(68,39): warning C4244: 'argument': conversion from 'float' to 'int', possible loss of data
C:\Users\65905\Desktop\MySDLGame\EnemyObject.cpp(83,11): warning C4244: 'initializing': conversion from 'float' to 'int', possible loss of data
C:\Users\65905\Desktop\MySDLGame\EnemyObject.cpp(84,63): warning C4244: '=': conversion from 'int' to 'float', possible loss of data
C:\Users\65905\Desktop\MySDLGame\EnemyObject.cpp(85,11): warning C4244: 'initializing': conversion from 'float' to 'int', possible loss of data
C:\Users\65905\Desktop\MySDLGame\EnemyObject.cpp(86,64): warning C4244: '=': conversion from 'int' to 'float', possible loss of data
C:\Users\65905\Desktop\MySDLGame\EnemyObject.cpp(118,16): warning C4018: '<': signed/unsigned mismatch
C:\Users\65905\Desktop\MySDLGame\EnemyObject.cpp(125,20): warning C4018: '<': signed/unsigned mismatch
C:\Users\65905\Desktop\MySDLGame\EnemyObject.cpp(135,20): warning C4018: '<': signed/unsigned mismatch
  Game.cpp
C:\Users\65905\Desktop\MySDLGame\Game.cpp(131,21): warning C4018: '<': signed/unsigned mismatch
C:\Users\65905\Desktop\MySDLGame\Game.cpp(144,20): warning C4018: '<': signed/unsigned mismatch
C:\Users\65905\Desktop\MySDLGame\Game.cpp(159,29): warning C4018: '<': signed/unsigned mismatch
C:\Users\65905\Desktop\MySDLGame\Game.cpp(172,30): warning C4018: '<': signed/unsigned mismatch
  GameObject.cpp
C:\Users\65905\Desktop\MySDLGame\GameObject.cpp(7,25): warning C4244: 'argument': conversion from 'int' to 'float', possible loss of data
C:\Users\65905\Desktop\MySDLGame\GameObject.cpp(7,22): warning C4244: 'argument': conversion from 'int' to 'float', possible loss of data
C:\Users\65905\Desktop\MySDLGame\GameObject.cpp(22,11): warning C4244: 'initializing': conversion from 'float' to 'int', possible loss of data
C:\Users\65905\Desktop\MySDLGame\GameObject.cpp(23,73): warning C4244: '=': conversion from 'int' to 'float', possible loss of data
C:\Users\65905\Desktop\MySDLGame\GameObject.cpp(24,11): warning C4244: 'initializing': conversion from 'float' to 'int', possible loss of data
C:\Users\65905\Desktop\MySDLGame\GameObject.cpp(25,75): warning C4244: '=': conversion from 'int' to 'float', possible loss of data
  main.cpp
  PlayerObject.cpp
C:\Users\65905\Desktop\MySDLGame\PlayerObject.cpp(38,52): warning C4244: 'argument': conversion from 'float' to 'int', possible loss of data
C:\Users\65905\Desktop\MySDLGame\PlayerObject.cpp(38,40): warning C4244: 'argument': conversion from 'float' to 'int', possible loss of data
  TextureManager.cpp
  Vector2D.cpp
  Generating Code...
C:\Users\65905\Desktop\MySDLGame\Vector2D.cpp(85): warning C4172: returning address of local variable or temporary: stream
  MySDLGame.vcxproj -> C:\Users\65905\Desktop\MySDLGame\Debug\MySDLGame.exe
